19:12:20 **** Auto Build of configuration Debug for project Erweiterte_Stoppuhr ****
make all 
'Building file: ../source/Erweiterte_Stoppuhr.S'
'Invoking: Cross GCC Assembler'
mips-sde-elf-as -EL -g -gstabs+ -mips32r2  -o "source/Erweiterte_Stoppuhr.o" "../source/Erweiterte_Stoppuhr.S"
'Finished building: ../source/Erweiterte_Stoppuhr.S'
' '
'Building target: Erweiterte_Stoppuhr.elf'
'Invoking: Cross GCC Linker'
mips-sde-elf-gcc -nostartfiles -nodefaultlibs -nostdlib -static -Xlinker -TC:/Users/Marcel/Desktop/V4_5/Software/Erweiterte_Stoppuhr/source/lscript.ld -Xlinker -EL -o "Erweiterte_Stoppuhr.elf"  ./source/Erweiterte_Stoppuhr.o   
'Finished building target: Erweiterte_Stoppuhr.elf'
' '
make --no-print-directory post-build
mips-sde-elf-objdump.exe -h -j.text -j.data -j.bss Erweiterte_Stoppuhr.elf & mips-sde-elf-objdump.exe -h -t -j.text -j.data -j.bss -S Erweiterte_Stoppuhr.elf > Erweiterte_Stoppuhr_diss.txt & mips-sde-elf-objcopy.exe -O ihex Erweiterte_Stoppuhr.elf Erweiterte_Stoppuhr.hex

Erweiterte_Stoppuhr.elf:     file format elf32-tradlittlemips

Sections:
Idx Name          Size      VMA       LMA       File off  Algn
  0 .text         000007fc  00000000  00000000  00010000  2**2
                  CONTENTS, ALLOC, LOAD, READONLY, CODE
  2 .data         00000034  00004000  00004000  00014000  2**2
                  CONTENTS, ALLOC, LOAD, DATA
' '

19:12:20 Build Finished. 0 errors, 0 warnings. (took 508ms)

