00:27:23 **** Auto Build of configuration Debug for project Stoppuhr ****
make all 
'Building file: ../source/Stoppuhr.S'
'Invoking: Cross GCC Assembler'
mips-sde-elf-as -EL -g -gstabs+ -mips32r2  -o "source/Stoppuhr.o" "../source/Stoppuhr.S"
'Finished building: ../source/Stoppuhr.S'
' '
'Building target: Stoppuhr.elf'
'Invoking: Cross GCC Linker'
mips-sde-elf-gcc -nostartfiles -nodefaultlibs -nostdlib -static -Xlinker -TC:/Users/Marcel/Desktop/V4_5/Software/Stoppuhr/source/lscript.ld -Xlinker -EL -o "Stoppuhr.elf"  ./source/Stoppuhr.o   
'Finished building target: Stoppuhr.elf'
' '
make --no-print-directory post-build
mips-sde-elf-objdump.exe -h -j.text -j.data -j.bss Stoppuhr.elf & mips-sde-elf-objdump.exe -h -t -j.text -j.data -j.bss -S Stoppuhr.elf > Stoppuhr_diss.txt & mips-sde-elf-objcopy.exe -O ihex Stoppuhr.elf Stoppuhr.hex

Stoppuhr.elf:     file format elf32-tradlittlemips

Sections:
Idx Name          Size      VMA       LMA       File off  Algn
  0 .text         00000394  00000000  00000000  00010000  2**2
                  CONTENTS, ALLOC, LOAD, READONLY, CODE
  2 .data         00000004  00004000  00004000  00014000  2**2
                  CONTENTS, ALLOC, LOAD, DATA
' '

00:27:24 Build Finished. 0 errors, 0 warnings. (took 861ms)

